[debug] [2018-04-19T05:07:39.322Z] ----------------------------------------------------------------------
[debug] [2018-04-19T05:07:39.322Z] Command:       C:\Program Files\nodejs\node.exe C:\Users\Daniel\AppData\Roaming\npm\node_modules\firebase-tools\bin\firebase serve
[debug] [2018-04-19T05:07:39.322Z] CLI Version:   3.18.4
[debug] [2018-04-19T05:07:39.322Z] Platform:      win32
[debug] [2018-04-19T05:07:39.322Z] Node Version:  v6.11.3
[debug] [2018-04-19T05:07:39.322Z] Time:          Thu Apr 19 2018 00:07:39 GMT-0500 (Hora est. Pacífico, Sudamérica)
[debug] [2018-04-19T05:07:39.322Z] ----------------------------------------------------------------------
[debug] 
[debug] [2018-04-19T05:07:39.398Z] > command requires scopes: ["email","openid","https://www.googleapis.com/auth/cloudplatformprojects.readonly","https://www.googleapis.com/auth/firebase","https://www.googleapis.com/auth/cloud-platform"]
[debug] [2018-04-19T05:07:39.398Z] > authorizing via signed-in user
[debug] [2018-04-19T05:07:39.398Z] > refreshing access token with scopes: ["email","https://www.googleapis.com/auth/cloud-platform","https://www.googleapis.com/auth/cloudplatformprojects.readonly","https://www.googleapis.com/auth/firebase","openid"]
[debug] [2018-04-19T05:07:39.398Z] >>> HTTP REQUEST POST https://www.googleapis.com/oauth2/v3/token  
 { refresh_token: '1/7Jjllm0Lwbe-Emc861JGhKjq5FZ7H7mFzsP62clObKI',
  client_id: '563584335869-fgrhgmd47bqnekij5i8b5pr03ho849e6.apps.googleusercontent.com',
  client_secret: 'j9iVZfS8kkCEFUPaAeJV0sAi',
  grant_type: 'refresh_token',
  scope: 'email https://www.googleapis.com/auth/cloud-platform https://www.googleapis.com/auth/cloudplatformprojects.readonly https://www.googleapis.com/auth/firebase openid' } 
 Thu Apr 19 2018 00:07:39 GMT-0500 (Hora est. Pacífico, Sudamérica)
[debug] [2018-04-19T05:07:39.899Z] <<< HTTP RESPONSE 200
[debug] [2018-04-19T05:07:39.970Z] >>> HTTP REQUEST GET https://admin.firebase.com/v1/projects/simplechat-aeed2  
  
 Thu Apr 19 2018 00:07:39 GMT-0500 (Hora est. Pacífico, Sudamérica)
[debug] [2018-04-19T05:07:40.824Z] <<< HTTP RESPONSE 200
[debug] [2018-04-19T05:07:40.824Z] >>> HTTP REQUEST GET https://admin.firebase.com/v1/database/simplechat-aeed2/tokens  
  
 Thu Apr 19 2018 00:07:40 GMT-0500 (Hora est. Pacífico, Sudamérica)
[debug] [2018-04-19T05:07:41.406Z] <<< HTTP RESPONSE 200
[debug] [2018-04-19T05:07:41.407Z] >>> HTTP REQUEST GET https://cloudresourcemanager.googleapis.com/v1/projects/simplechat-aeed2  
  
 Thu Apr 19 2018 00:07:41 GMT-0500 (Hora est. Pacífico, Sudamérica)
[debug] [2018-04-19T05:07:42.201Z] <<< HTTP RESPONSE 200
[info] 
[info] === Serving from 'D:\Firebase\Demo'...
[info] 
[debug] [2018-04-19T05:07:42.221Z] >>> HTTP REQUEST GET https://mobilesdk-pa.googleapis.com/v1/projects/616577951962/clients/_:getWebAppConfig  
  
 Thu Apr 19 2018 00:07:42 GMT-0500 (Hora est. Pacífico, Sudamérica)
[debug] [2018-04-19T05:07:43.061Z] <<< HTTP RESPONSE 200
[info] i  hosting: Serving hosting files from: public
[info] +  hosting: Local server: http://localhost:5000

